Arguments: 
  /usr/bin/nodejs /usr/share/yarn/bin/yarn.js install

PATH: 
  /var/www/chromedriver:~/.composer/vendor/bin:/usr/local/sbin:/usr/local/bin:/usr/sbin:/usr/bin:/sbin:/bin:/usr/games:/usr/local/games:/usr/lib/jvm/java-8-oracle/bin:/usr/lib/jvm/java-8-oracle/db/bin:/usr/lib/jvm/java-8-oracle/jre/bin:/usr/local/go/bin:~/bin:/home/naufal/Android/Sdk/tools

Yarn version: 
  0.27.5

Node version: 
  6.9.2

Platform: 
  linux x64

npm manifest: 
  {
    "name": "plugin-name",
    "version": "0.0.0",
    "description": "Plugin Description",
    "main": "./dist/plugin-name.js",
    "scripts": {
      "dev": "webpack-dev-server --config ./webpack/webpack.config.js --inline --hot",
      "build": "webpack --config ./webpack/webpack-prod.config.js -p",
      "bundle": "webpack --config ./webpack/webpack-bundle.config.js -p",
      "test": "karma start karma.conf.js"
    },
    "repository": {
      "type": "git",
      "url": "git+https://github.com/BosNaufal/plugin-name.git"
    },
    "keywords": [
      "vanilla",
    ],
    "author": "Naufal Rabbani <bosnaufalemail@gmail.com>",
    "license": "MIT",
    "bugs": {
      "url": "https://github.com/BosNaufal/plugin-name/issues"
    },
    "homepage": "https://github.com/BosNaufal/plugin-name#readme",
    "devDependencies": {
      "babel-core": "^6.24.1",
      "babel-loader": "^6.4.1",
      "babel-plugin-transform-object-rest-spread": "^6.23.0",
      "babel-preset-es2015": "^6.24.1",
      "babel-preset-stage-1": "^6.24.1",
      "cross-env": "^4.0.0",
      "css-loader": "^0.28.0",
      "es6-promise": "^4.1.0",
      "extract-text-webpack-plugin": "^2.1.2",
      "style-loader": "^0.16.1",
      "webpack": "^2.3.3",
      "webpack-dev-server": "^2.4.2"
    },
    "dependencies": {
    }
  }

yarn manifest: 
  No manifest

Lockfile: 
  No lockfile

Trace: 
  SyntaxError: /media/naufal/DATA/CURRENT/www/github/vanilla-starter/package.json: Unexpected token ] in JSON at position 546
      at Object.parse (native)
      at /usr/share/yarn/lib/yarn-cli.js:747:57
      at next (native)
      at step (/usr/share/yarn/lib/yarn-cli.js:91:30)
      at /usr/share/yarn/lib/yarn-cli.js:102:13
